<?xml version="1.0" encoding="UTF-8"?>
<testsuite xmlns:xsi="http://www.w3.org/2001/XMLSchema-instance" xsi:noNamespaceSchemaLocation="https://maven.apache.org/surefire/maven-surefire-plugin/xsd/surefire-test-report-3.0.xsd" version="3.0" name="com.nearsixthangel.TimetableAPI.TimetableApiApplicationTests" time="8.013" tests="1" errors="0" skipped="0" failures="0">
  <properties>
[...]
</properties>
  <testcase name="contextLoads" classname="com.nearsixthangel.TimetableAPI.TimetableApiApplicationTests" time="2.292">
    <system-out><![CDATA[20:14:13.187 [main] INFO org.springframework.test.context.support.AnnotationConfigContextLoaderUtils -- Could not detect default configuration classes for test class [com.nearsixthangel.TimetableAPI.TimetableApiApplicationTests]: TimetableApiApplicationTests does not declare any static, non-private, non-final, nested classes annotated with @Configuration.
20:14:13.708 [main] INFO org.springframework.boot.test.context.SpringBootTestContextBootstrapper -- Found @SpringBootConfiguration com.nearsixthangel.TimetableAPI.TimetableApiApplication for test class com.nearsixthangel.TimetableAPI.TimetableApiApplicationTests

  .   ____          _            __ _ _
 /\\ / ___'_ __ _ _(_)_ __  __ _ \ \ \ \
( ( )\___ | '_ | '_| | '_ \/ _` | \ \ \ \
 \\/  ___)| |_)| | | | | || (_| |  ) ) ) )
  '  |____| .__|_| |_|_| |_\__, | / / / /
 =========|_|==============|___/=/_/_/_/

 :: Spring Boot ::                (v3.3.5)

2024-11-02T20:14:15.493+01:00  INFO 14852 --- [TimetableAPI] [           main] c.n.T.TimetableApiApplicationTests       : Starting TimetableApiApplicationTests using Java 17.0.12 with PID 14852 (started by LATITUDE 5490 in C:\Users\LATITUDE 5490\Documents\TimetableAPI)
2024-11-02T20:14:15.496+01:00  INFO 14852 --- [TimetableAPI] [           main] c.n.T.TimetableApiApplicationTests       : No active profile set, falling back to 1 default profile: "default"
2024-11-02T20:14:18.123+01:00  INFO 14852 --- [TimetableAPI] [           main] c.n.T.TimetableApiApplicationTests       : Started TimetableApiApplicationTests in 3.535 seconds (process running for 7.599)
]]></system-out>
  </testcase>
</testsuite>